[0.000000] (-) TimerEvent: {}
[0.001599] (controllers) JobQueued: {'identifier': 'controllers', 'dependencies': OrderedDict()}
[0.002558] (cpp_controllers) JobQueued: {'identifier': 'cpp_controllers', 'dependencies': OrderedDict()}
[0.002806] (crazyflie_gazebo) JobQueued: {'identifier': 'crazyflie_gazebo', 'dependencies': OrderedDict()}
[0.003213] (controllers) JobStarted: {'identifier': 'controllers'}
[0.013561] (cpp_controllers) JobStarted: {'identifier': 'cpp_controllers'}
[0.022137] (crazyflie_gazebo) JobStarted: {'identifier': 'crazyflie_gazebo'}
[0.097902] (-) TimerEvent: {}
[0.198498] (-) TimerEvent: {}
[0.300173] (-) TimerEvent: {}
[0.401722] (-) TimerEvent: {}
[0.410383] (cpp_controllers) JobProgress: {'identifier': 'cpp_controllers', 'progress': 'cmake'}
[0.413724] (cpp_controllers) JobProgress: {'identifier': 'cpp_controllers', 'progress': 'build'}
[0.414148] (cpp_controllers) Command: {'cmd': ['/usr/bin/cmake', '--build', '/home/denis/Desktop/GustGurus-Drone-Project/crazyflie_simulation/build/cpp_controllers', '--', '-j8', '-l8'], 'cwd': '/home/denis/Desktop/GustGurus-Drone-Project/crazyflie_simulation/build/cpp_controllers', 'env': OrderedDict([('LESSOPEN', '| /usr/bin/lesspipe %s'), ('USER', 'denis'), ('XDG_SESSION_TYPE', 'x11'), ('SHLVL', '1'), ('LD_LIBRARY_PATH', '/opt/ros/humble/opt/rviz_ogre_vendor/lib:/opt/ros/humble/lib/x86_64-linux-gnu:/opt/ros/humble/lib'), ('HOME', '/home/denis'), ('OLDPWD', '/home/denis/Desktop/GustGurus-Drone-Project'), ('DESKTOP_SESSION', 'ubuntu'), ('ROS_PYTHON_VERSION', '3'), ('GNOME_SHELL_SESSION_MODE', 'ubuntu'), ('GTK_MODULES', 'gail:atk-bridge'), ('PS1', '(crazyflie_ros) \\[\\e]0;\\u@\\h: \\w\\a\\]${debian_chroot:+($debian_chroot)}\\[\\033[01;32m\\]\\u@\\h\\[\\033[00m\\]:\\[\\033[01;34m\\]\\w\\[\\033[00m\\]\\$'), ('SYSTEMD_EXEC_PID', '1632'), ('DBUS_SESSION_BUS_ADDRESS', 'unix:path=/run/user/1000/bus'), ('COLORTERM', 'truecolor'), ('COLCON_PREFIX_PATH', '/home/denis/Desktop/GustGurus-Drone-Project/crazyflie_simulation/install'), ('ROS_DISTRO', 'humble'), ('GTK_IM_MODULE', 'ibus'), ('LOGNAME', 'denis'), ('_', '/usr/bin/colcon'), ('ROS_VERSION', '2'), ('XDG_SESSION_CLASS', 'user'), ('USERNAME', 'denis'), ('TERM', 'xterm-256color'), ('GNOME_DESKTOP_SESSION_ID', 'this-is-deprecated'), ('ROS_LOCALHOST_ONLY', '0'), ('WINDOWPATH', '2'), ('PATH', '/opt/ros/humble/bin:/home/denis/virtual_environments/crazyflie_ros/bin:/usr/local/sbin:/usr/local/bin:/usr/sbin:/usr/bin:/sbin:/bin:/usr/games:/usr/local/games:/snap/bin:/snap/bin'), ('SESSION_MANAGER', 'local/22:@/tmp/.ICE-unix/1604,unix/22:/tmp/.ICE-unix/1604'), ('XDG_MENU_PREFIX', 'gnome-'), ('GNOME_TERMINAL_SCREEN', '/org/gnome/Terminal/screen/fd8905e2_063d_46ed_b215_600fecbdd565'), ('XDG_RUNTIME_DIR', '/run/user/1000'), ('DISPLAY', ':1'), ('LANG', 'en_US.UTF-8'), ('XDG_CURRENT_DESKTOP', 'ubuntu:GNOME'), ('VIRTUAL_ENV_PROMPT', '(crazyflie_ros)'), ('XMODIFIERS', '@im=ibus'), ('XDG_SESSION_DESKTOP', 'ubuntu'), ('XAUTHORITY', '/run/user/1000/gdm/Xauthority'), ('LS_COLORS', 'rs=0:di=01;34:ln=01;36:mh=00:pi=40;33:so=01;35:do=01;35:bd=40;33;01:cd=40;33;01:or=40;31;01:mi=00:su=37;41:sg=30;43:ca=30;41:tw=30;42:ow=34;42:st=37;44:ex=01;32:*.tar=01;31:*.tgz=01;31:*.arc=01;31:*.arj=01;31:*.taz=01;31:*.lha=01;31:*.lz4=01;31:*.lzh=01;31:*.lzma=01;31:*.tlz=01;31:*.txz=01;31:*.tzo=01;31:*.t7z=01;31:*.zip=01;31:*.z=01;31:*.dz=01;31:*.gz=01;31:*.lrz=01;31:*.lz=01;31:*.lzo=01;31:*.xz=01;31:*.zst=01;31:*.tzst=01;31:*.bz2=01;31:*.bz=01;31:*.tbz=01;31:*.tbz2=01;31:*.tz=01;31:*.deb=01;31:*.rpm=01;31:*.jar=01;31:*.war=01;31:*.ear=01;31:*.sar=01;31:*.rar=01;31:*.alz=01;31:*.ace=01;31:*.zoo=01;31:*.cpio=01;31:*.7z=01;31:*.rz=01;31:*.cab=01;31:*.wim=01;31:*.swm=01;31:*.dwm=01;31:*.esd=01;31:*.jpg=01;35:*.jpeg=01;35:*.mjpg=01;35:*.mjpeg=01;35:*.gif=01;35:*.bmp=01;35:*.pbm=01;35:*.pgm=01;35:*.ppm=01;35:*.tga=01;35:*.xbm=01;35:*.xpm=01;35:*.tif=01;35:*.tiff=01;35:*.png=01;35:*.svg=01;35:*.svgz=01;35:*.mng=01;35:*.pcx=01;35:*.mov=01;35:*.mpg=01;35:*.mpeg=01;35:*.m2v=01;35:*.mkv=01;35:*.webm=01;35:*.webp=01;35:*.ogm=01;35:*.mp4=01;35:*.m4v=01;35:*.mp4v=01;35:*.vob=01;35:*.qt=01;35:*.nuv=01;35:*.wmv=01;35:*.asf=01;35:*.rm=01;35:*.rmvb=01;35:*.flc=01;35:*.avi=01;35:*.fli=01;35:*.flv=01;35:*.gl=01;35:*.dl=01;35:*.xcf=01;35:*.xwd=01;35:*.yuv=01;35:*.cgm=01;35:*.emf=01;35:*.ogv=01;35:*.ogx=01;35:*.aac=00;36:*.au=00;36:*.flac=00;36:*.m4a=00;36:*.mid=00;36:*.midi=00;36:*.mka=00;36:*.mp3=00;36:*.mpc=00;36:*.ogg=00;36:*.ra=00;36:*.wav=00;36:*.oga=00;36:*.opus=00;36:*.spx=00;36:*.xspf=00;36:'), ('GNOME_TERMINAL_SERVICE', ':1.92'), ('SSH_AGENT_LAUNCHER', 'gnome-keyring'), ('SSH_AUTH_SOCK', '/run/user/1000/keyring/ssh'), ('AMENT_PREFIX_PATH', '/home/denis/Desktop/GustGurus-Drone-Project/crazyflie_simulation/install/crazyflie_gazebo:/home/denis/Desktop/GustGurus-Drone-Project/crazyflie_simulation/install/cpp_controllers:/home/denis/Desktop/GustGurus-Drone-Project/crazyflie_simulation/install/controllers:/opt/ros/humble'), ('SHELL', '/bin/bash'), ('QT_ACCESSIBILITY', '1'), ('GDMSESSION', 'ubuntu'), ('LESSCLOSE', '/usr/bin/lesspipe %s %s'), ('GPG_AGENT_INFO', '/run/user/1000/gnupg/S.gpg-agent:0:1'), ('VIRTUAL_ENV', '/home/denis/virtual_environments/crazyflie_ros'), ('QT_IM_MODULE', 'ibus'), ('PWD', '/home/denis/Desktop/GustGurus-Drone-Project/crazyflie_simulation/build/cpp_controllers'), ('LC_ALL', 'en_US.UTF-8'), ('XDG_CONFIG_DIRS', '/etc/xdg/xdg-ubuntu:/etc/xdg'), ('XDG_DATA_DIRS', '/usr/share/ubuntu:/usr/share/gnome:/usr/local/share/:/usr/share/:/var/lib/snapd/desktop'), ('PYTHONPATH', '/home/denis/Desktop/GustGurus-Drone-Project/crazyflie_simulation/install/crazyflie_gazebo/lib/python3.10/site-packages:/home/denis/Desktop/GustGurus-Drone-Project/crazyflie_simulation/install/controllers/lib/python3.10/site-packages:/opt/ros/humble/lib/python3.10/site-packages:/opt/ros/humble/local/lib/python3.10/dist-packages'), ('COLCON', '1'), ('VTE_VERSION', '6800'), ('CMAKE_PREFIX_PATH', '/home/denis/Desktop/GustGurus-Drone-Project/crazyflie_simulation/install/cpp_controllers:/home/denis/Desktop/GustGurus-Drone-Project/crazyflie_simulation/install/crazyflie_gazebo:/home/denis/Desktop/GustGurus-Drone-Project/crazyflie_simulation/install/controllers:/opt/ros/humble')]), 'shell': False}
[0.461580] (cpp_controllers) StdoutLine: {'line': b'-- Found ament_cmake: 1.3.10 (/opt/ros/humble/share/ament_cmake/cmake)\n'}
[0.503052] (-) TimerEvent: {}
[0.604392] (-) TimerEvent: {}
[0.632742] (cpp_controllers) StdoutLine: {'line': b'-- Found rclcpp: 16.0.10 (/opt/ros/humble/share/rclcpp/cmake)\n'}
[0.674391] (cpp_controllers) StdoutLine: {'line': b'-- Found rosidl_generator_c: 3.1.5 (/opt/ros/humble/share/rosidl_generator_c/cmake)\n'}
[0.677967] (cpp_controllers) StdoutLine: {'line': b'-- Found rosidl_adapter: 3.1.5 (/opt/ros/humble/share/rosidl_adapter/cmake)\n'}
[0.686796] (cpp_controllers) StdoutLine: {'line': b'-- Found rosidl_generator_cpp: 3.1.5 (/opt/ros/humble/share/rosidl_generator_cpp/cmake)\n'}
[0.700772] (cpp_controllers) StdoutLine: {'line': b'-- Using all available rosidl_typesupport_c: rosidl_typesupport_fastrtps_c;rosidl_typesupport_introspection_c\n'}
[0.705977] (-) TimerEvent: {}
[0.717610] (cpp_controllers) StdoutLine: {'line': b'-- Using all available rosidl_typesupport_cpp: rosidl_typesupport_fastrtps_cpp;rosidl_typesupport_introspection_cpp\n'}
[0.763186] (cpp_controllers) StdoutLine: {'line': b'-- Found rmw_implementation_cmake: 6.1.2 (/opt/ros/humble/share/rmw_implementation_cmake/cmake)\n'}
[0.764995] (cpp_controllers) StdoutLine: {'line': b'-- Found rmw_fastrtps_cpp: 6.2.7 (/opt/ros/humble/share/rmw_fastrtps_cpp/cmake)\n'}
[0.807747] (-) TimerEvent: {}
[0.910088] (-) TimerEvent: {}
[0.918921] (cpp_controllers) StdoutLine: {'line': b"-- Using RMW implementation 'rmw_fastrtps_cpp' as default\n"}
[0.993211] (cpp_controllers) StdoutLine: {'line': b'-- Found actuator_msgs: 0.0.1 (/opt/ros/humble/share/actuator_msgs/cmake)\n'}
[1.010737] (cpp_controllers) StdoutLine: {'line': b'-- Found nav_msgs: 4.2.4 (/opt/ros/humble/share/nav_msgs/cmake)\n'}
[1.011177] (-) TimerEvent: {}
[1.054206] (cpp_controllers) StdoutLine: {'line': b'-- Found ament_lint_auto: 0.12.11 (/opt/ros/humble/share/ament_lint_auto/cmake)\n'}
[1.111897] (-) TimerEvent: {}
[1.189165] (cpp_controllers) StdoutLine: {'line': b"-- Added test 'cppcheck' to perform static code analysis on C / C++ code\n"}
[1.189986] (cpp_controllers) StdoutLine: {'line': b'-- Configured cppcheck include dirs: /home/denis/Desktop/GustGurus-Drone-Project/crazyflie_simulation/src/cpp_controllers/include\n'}
[1.190163] (cpp_controllers) StdoutLine: {'line': b'-- Configured cppcheck exclude dirs and/or files: \n'}
[1.190826] (cpp_controllers) StdoutLine: {'line': b"-- Added test 'lint_cmake' to check CMake code style\n"}
[1.193134] (cpp_controllers) StdoutLine: {'line': b"-- Added test 'uncrustify' to check C / C++ code style\n"}
[1.193439] (cpp_controllers) StdoutLine: {'line': b'-- Configured uncrustify additional arguments: \n'}
[1.193867] (cpp_controllers) StdoutLine: {'line': b"-- Added test 'xmllint' to check XML markup files\n"}
[1.195431] (cpp_controllers) StdoutLine: {'line': b'-- Configuring done\n'}
[1.213159] (-) TimerEvent: {}
[1.216203] (cpp_controllers) StdoutLine: {'line': b'-- Generating done\n'}
[1.221030] (cpp_controllers) StdoutLine: {'line': b'-- Build files have been written to: /home/denis/Desktop/GustGurus-Drone-Project/crazyflie_simulation/build/cpp_controllers\n'}
[1.263611] (cpp_controllers) StdoutLine: {'line': b'\x1b[35m\x1b[1mConsolidate compiler generated dependencies of target motor_control_node\x1b[0m\n'}
[1.288543] (controllers) Command: {'cmd': ['/usr/bin/python3', '-W', 'ignore:setup.py install is deprecated', 'setup.py', 'egg_info', '--egg-base', '../../build/controllers', 'build', '--build-base', '/home/denis/Desktop/GustGurus-Drone-Project/crazyflie_simulation/build/controllers/build', 'install', '--record', '/home/denis/Desktop/GustGurus-Drone-Project/crazyflie_simulation/build/controllers/install.log', '--single-version-externally-managed', 'install_data'], 'cwd': '/home/denis/Desktop/GustGurus-Drone-Project/crazyflie_simulation/src/controllers', 'env': {'LESSOPEN': '| /usr/bin/lesspipe %s', 'USER': 'denis', 'XDG_SESSION_TYPE': 'x11', 'SHLVL': '1', 'LD_LIBRARY_PATH': '/opt/ros/humble/opt/rviz_ogre_vendor/lib:/opt/ros/humble/lib/x86_64-linux-gnu:/opt/ros/humble/lib', 'HOME': '/home/denis', 'OLDPWD': '/home/denis/Desktop/GustGurus-Drone-Project', 'DESKTOP_SESSION': 'ubuntu', 'ROS_PYTHON_VERSION': '3', 'GNOME_SHELL_SESSION_MODE': 'ubuntu', 'GTK_MODULES': 'gail:atk-bridge', 'PS1': '(crazyflie_ros) \\[\\e]0;\\u@\\h: \\w\\a\\]${debian_chroot:+($debian_chroot)}\\[\\033[01;32m\\]\\u@\\h\\[\\033[00m\\]:\\[\\033[01;34m\\]\\w\\[\\033[00m\\]\\$', 'SYSTEMD_EXEC_PID': '1632', 'DBUS_SESSION_BUS_ADDRESS': 'unix:path=/run/user/1000/bus', 'COLORTERM': 'truecolor', 'COLCON_PREFIX_PATH': '/home/denis/Desktop/GustGurus-Drone-Project/crazyflie_simulation/install', 'ROS_DISTRO': 'humble', 'GTK_IM_MODULE': 'ibus', 'LOGNAME': 'denis', '_': '/usr/bin/colcon', 'ROS_VERSION': '2', 'XDG_SESSION_CLASS': 'user', 'USERNAME': 'denis', 'TERM': 'xterm-256color', 'GNOME_DESKTOP_SESSION_ID': 'this-is-deprecated', 'ROS_LOCALHOST_ONLY': '0', 'WINDOWPATH': '2', 'PATH': '/opt/ros/humble/bin:/home/denis/virtual_environments/crazyflie_ros/bin:/usr/local/sbin:/usr/local/bin:/usr/sbin:/usr/bin:/sbin:/bin:/usr/games:/usr/local/games:/snap/bin:/snap/bin', 'SESSION_MANAGER': 'local/22:@/tmp/.ICE-unix/1604,unix/22:/tmp/.ICE-unix/1604', 'XDG_MENU_PREFIX': 'gnome-', 'GNOME_TERMINAL_SCREEN': '/org/gnome/Terminal/screen/fd8905e2_063d_46ed_b215_600fecbdd565', 'XDG_RUNTIME_DIR': '/run/user/1000', 'DISPLAY': ':1', 'LANG': 'en_US.UTF-8', 'XDG_CURRENT_DESKTOP': 'ubuntu:GNOME', 'VIRTUAL_ENV_PROMPT': '(crazyflie_ros)', 'XMODIFIERS': '@im=ibus', 'XDG_SESSION_DESKTOP': 'ubuntu', 'XAUTHORITY': '/run/user/1000/gdm/Xauthority', 'LS_COLORS': 'rs=0:di=01;34:ln=01;36:mh=00:pi=40;33:so=01;35:do=01;35:bd=40;33;01:cd=40;33;01:or=40;31;01:mi=00:su=37;41:sg=30;43:ca=30;41:tw=30;42:ow=34;42:st=37;44:ex=01;32:*.tar=01;31:*.tgz=01;31:*.arc=01;31:*.arj=01;31:*.taz=01;31:*.lha=01;31:*.lz4=01;31:*.lzh=01;31:*.lzma=01;31:*.tlz=01;31:*.txz=01;31:*.tzo=01;31:*.t7z=01;31:*.zip=01;31:*.z=01;31:*.dz=01;31:*.gz=01;31:*.lrz=01;31:*.lz=01;31:*.lzo=01;31:*.xz=01;31:*.zst=01;31:*.tzst=01;31:*.bz2=01;31:*.bz=01;31:*.tbz=01;31:*.tbz2=01;31:*.tz=01;31:*.deb=01;31:*.rpm=01;31:*.jar=01;31:*.war=01;31:*.ear=01;31:*.sar=01;31:*.rar=01;31:*.alz=01;31:*.ace=01;31:*.zoo=01;31:*.cpio=01;31:*.7z=01;31:*.rz=01;31:*.cab=01;31:*.wim=01;31:*.swm=01;31:*.dwm=01;31:*.esd=01;31:*.jpg=01;35:*.jpeg=01;35:*.mjpg=01;35:*.mjpeg=01;35:*.gif=01;35:*.bmp=01;35:*.pbm=01;35:*.pgm=01;35:*.ppm=01;35:*.tga=01;35:*.xbm=01;35:*.xpm=01;35:*.tif=01;35:*.tiff=01;35:*.png=01;35:*.svg=01;35:*.svgz=01;35:*.mng=01;35:*.pcx=01;35:*.mov=01;35:*.mpg=01;35:*.mpeg=01;35:*.m2v=01;35:*.mkv=01;35:*.webm=01;35:*.webp=01;35:*.ogm=01;35:*.mp4=01;35:*.m4v=01;35:*.mp4v=01;35:*.vob=01;35:*.qt=01;35:*.nuv=01;35:*.wmv=01;35:*.asf=01;35:*.rm=01;35:*.rmvb=01;35:*.flc=01;35:*.avi=01;35:*.fli=01;35:*.flv=01;35:*.gl=01;35:*.dl=01;35:*.xcf=01;35:*.xwd=01;35:*.yuv=01;35:*.cgm=01;35:*.emf=01;35:*.ogv=01;35:*.ogx=01;35:*.aac=00;36:*.au=00;36:*.flac=00;36:*.m4a=00;36:*.mid=00;36:*.midi=00;36:*.mka=00;36:*.mp3=00;36:*.mpc=00;36:*.ogg=00;36:*.ra=00;36:*.wav=00;36:*.oga=00;36:*.opus=00;36:*.spx=00;36:*.xspf=00;36:', 'GNOME_TERMINAL_SERVICE': ':1.92', 'SSH_AGENT_LAUNCHER': 'gnome-keyring', 'SSH_AUTH_SOCK': '/run/user/1000/keyring/ssh', 'AMENT_PREFIX_PATH': '/home/denis/Desktop/GustGurus-Drone-Project/crazyflie_simulation/install/crazyflie_gazebo:/home/denis/Desktop/GustGurus-Drone-Project/crazyflie_simulation/install/cpp_controllers:/home/denis/Desktop/GustGurus-Drone-Project/crazyflie_simulation/install/controllers:/opt/ros/humble', 'SHELL': '/bin/bash', 'QT_ACCESSIBILITY': '1', 'GDMSESSION': 'ubuntu', 'LESSCLOSE': '/usr/bin/lesspipe %s %s', 'GPG_AGENT_INFO': '/run/user/1000/gnupg/S.gpg-agent:0:1', 'VIRTUAL_ENV': '/home/denis/virtual_environments/crazyflie_ros', 'QT_IM_MODULE': 'ibus', 'PWD': '/home/denis/Desktop/GustGurus-Drone-Project/crazyflie_simulation/build/controllers', 'LC_ALL': 'en_US.UTF-8', 'XDG_CONFIG_DIRS': '/etc/xdg/xdg-ubuntu:/etc/xdg', 'XDG_DATA_DIRS': '/usr/share/ubuntu:/usr/share/gnome:/usr/local/share/:/usr/share/:/var/lib/snapd/desktop', 'PYTHONPATH': '/home/denis/Desktop/GustGurus-Drone-Project/crazyflie_simulation/build/controllers/prefix_override:/usr/lib/python3/dist-packages/colcon_core/task/python/colcon_distutils_commands:/home/denis/Desktop/GustGurus-Drone-Project/crazyflie_simulation/install/controllers/lib/python3.10/site-packages:/home/denis/Desktop/GustGurus-Drone-Project/crazyflie_simulation/install/crazyflie_gazebo/lib/python3.10/site-packages:/home/denis/Desktop/GustGurus-Drone-Project/crazyflie_simulation/install/controllers/lib/python3.10/site-packages:/opt/ros/humble/lib/python3.10/site-packages:/opt/ros/humble/local/lib/python3.10/dist-packages', 'COLCON': '1', 'VTE_VERSION': '6800', 'CMAKE_PREFIX_PATH': '/home/denis/Desktop/GustGurus-Drone-Project/crazyflie_simulation/install/cpp_controllers'}, 'shell': False}
[1.295115] (cpp_controllers) StdoutLine: {'line': b'[ 50%] \x1b[32mBuilding CXX object CMakeFiles/motor_control_node.dir/src/MotorControlNode.cpp.o\x1b[0m\n'}
[1.313753] (-) TimerEvent: {}
[1.318703] (crazyflie_gazebo) Command: {'cmd': ['/usr/bin/python3', '-W', 'ignore:setup.py install is deprecated', 'setup.py', 'egg_info', '--egg-base', '../../build/crazyflie_gazebo', 'build', '--build-base', '/home/denis/Desktop/GustGurus-Drone-Project/crazyflie_simulation/build/crazyflie_gazebo/build', 'install', '--record', '/home/denis/Desktop/GustGurus-Drone-Project/crazyflie_simulation/build/crazyflie_gazebo/install.log', '--single-version-externally-managed', 'install_data'], 'cwd': '/home/denis/Desktop/GustGurus-Drone-Project/crazyflie_simulation/src/crazyflie_gazebo', 'env': {'LESSOPEN': '| /usr/bin/lesspipe %s', 'USER': 'denis', 'XDG_SESSION_TYPE': 'x11', 'SHLVL': '1', 'LD_LIBRARY_PATH': '/opt/ros/humble/opt/rviz_ogre_vendor/lib:/opt/ros/humble/lib/x86_64-linux-gnu:/opt/ros/humble/lib', 'HOME': '/home/denis', 'OLDPWD': '/home/denis/Desktop/GustGurus-Drone-Project', 'DESKTOP_SESSION': 'ubuntu', 'ROS_PYTHON_VERSION': '3', 'GNOME_SHELL_SESSION_MODE': 'ubuntu', 'GTK_MODULES': 'gail:atk-bridge', 'PS1': '(crazyflie_ros) \\[\\e]0;\\u@\\h: \\w\\a\\]${debian_chroot:+($debian_chroot)}\\[\\033[01;32m\\]\\u@\\h\\[\\033[00m\\]:\\[\\033[01;34m\\]\\w\\[\\033[00m\\]\\$', 'SYSTEMD_EXEC_PID': '1632', 'DBUS_SESSION_BUS_ADDRESS': 'unix:path=/run/user/1000/bus', 'COLORTERM': 'truecolor', 'COLCON_PREFIX_PATH': '/home/denis/Desktop/GustGurus-Drone-Project/crazyflie_simulation/install', 'ROS_DISTRO': 'humble', 'GTK_IM_MODULE': 'ibus', 'LOGNAME': 'denis', '_': '/usr/bin/colcon', 'ROS_VERSION': '2', 'XDG_SESSION_CLASS': 'user', 'USERNAME': 'denis', 'TERM': 'xterm-256color', 'GNOME_DESKTOP_SESSION_ID': 'this-is-deprecated', 'ROS_LOCALHOST_ONLY': '0', 'WINDOWPATH': '2', 'PATH': '/opt/ros/humble/bin:/home/denis/virtual_environments/crazyflie_ros/bin:/usr/local/sbin:/usr/local/bin:/usr/sbin:/usr/bin:/sbin:/bin:/usr/games:/usr/local/games:/snap/bin:/snap/bin', 'SESSION_MANAGER': 'local/22:@/tmp/.ICE-unix/1604,unix/22:/tmp/.ICE-unix/1604', 'XDG_MENU_PREFIX': 'gnome-', 'GNOME_TERMINAL_SCREEN': '/org/gnome/Terminal/screen/fd8905e2_063d_46ed_b215_600fecbdd565', 'XDG_RUNTIME_DIR': '/run/user/1000', 'DISPLAY': ':1', 'LANG': 'en_US.UTF-8', 'XDG_CURRENT_DESKTOP': 'ubuntu:GNOME', 'VIRTUAL_ENV_PROMPT': '(crazyflie_ros)', 'XMODIFIERS': '@im=ibus', 'XDG_SESSION_DESKTOP': 'ubuntu', 'XAUTHORITY': '/run/user/1000/gdm/Xauthority', 'LS_COLORS': 'rs=0:di=01;34:ln=01;36:mh=00:pi=40;33:so=01;35:do=01;35:bd=40;33;01:cd=40;33;01:or=40;31;01:mi=00:su=37;41:sg=30;43:ca=30;41:tw=30;42:ow=34;42:st=37;44:ex=01;32:*.tar=01;31:*.tgz=01;31:*.arc=01;31:*.arj=01;31:*.taz=01;31:*.lha=01;31:*.lz4=01;31:*.lzh=01;31:*.lzma=01;31:*.tlz=01;31:*.txz=01;31:*.tzo=01;31:*.t7z=01;31:*.zip=01;31:*.z=01;31:*.dz=01;31:*.gz=01;31:*.lrz=01;31:*.lz=01;31:*.lzo=01;31:*.xz=01;31:*.zst=01;31:*.tzst=01;31:*.bz2=01;31:*.bz=01;31:*.tbz=01;31:*.tbz2=01;31:*.tz=01;31:*.deb=01;31:*.rpm=01;31:*.jar=01;31:*.war=01;31:*.ear=01;31:*.sar=01;31:*.rar=01;31:*.alz=01;31:*.ace=01;31:*.zoo=01;31:*.cpio=01;31:*.7z=01;31:*.rz=01;31:*.cab=01;31:*.wim=01;31:*.swm=01;31:*.dwm=01;31:*.esd=01;31:*.jpg=01;35:*.jpeg=01;35:*.mjpg=01;35:*.mjpeg=01;35:*.gif=01;35:*.bmp=01;35:*.pbm=01;35:*.pgm=01;35:*.ppm=01;35:*.tga=01;35:*.xbm=01;35:*.xpm=01;35:*.tif=01;35:*.tiff=01;35:*.png=01;35:*.svg=01;35:*.svgz=01;35:*.mng=01;35:*.pcx=01;35:*.mov=01;35:*.mpg=01;35:*.mpeg=01;35:*.m2v=01;35:*.mkv=01;35:*.webm=01;35:*.webp=01;35:*.ogm=01;35:*.mp4=01;35:*.m4v=01;35:*.mp4v=01;35:*.vob=01;35:*.qt=01;35:*.nuv=01;35:*.wmv=01;35:*.asf=01;35:*.rm=01;35:*.rmvb=01;35:*.flc=01;35:*.avi=01;35:*.fli=01;35:*.flv=01;35:*.gl=01;35:*.dl=01;35:*.xcf=01;35:*.xwd=01;35:*.yuv=01;35:*.cgm=01;35:*.emf=01;35:*.ogv=01;35:*.ogx=01;35:*.aac=00;36:*.au=00;36:*.flac=00;36:*.m4a=00;36:*.mid=00;36:*.midi=00;36:*.mka=00;36:*.mp3=00;36:*.mpc=00;36:*.ogg=00;36:*.ra=00;36:*.wav=00;36:*.oga=00;36:*.opus=00;36:*.spx=00;36:*.xspf=00;36:', 'GNOME_TERMINAL_SERVICE': ':1.92', 'SSH_AGENT_LAUNCHER': 'gnome-keyring', 'SSH_AUTH_SOCK': '/run/user/1000/keyring/ssh', 'AMENT_PREFIX_PATH': '/home/denis/Desktop/GustGurus-Drone-Project/crazyflie_simulation/install/crazyflie_gazebo:/home/denis/Desktop/GustGurus-Drone-Project/crazyflie_simulation/install/cpp_controllers:/home/denis/Desktop/GustGurus-Drone-Project/crazyflie_simulation/install/controllers:/opt/ros/humble', 'SHELL': '/bin/bash', 'QT_ACCESSIBILITY': '1', 'GDMSESSION': 'ubuntu', 'LESSCLOSE': '/usr/bin/lesspipe %s %s', 'GPG_AGENT_INFO': '/run/user/1000/gnupg/S.gpg-agent:0:1', 'VIRTUAL_ENV': '/home/denis/virtual_environments/crazyflie_ros', 'QT_IM_MODULE': 'ibus', 'PWD': '/home/denis/Desktop/GustGurus-Drone-Project/crazyflie_simulation/build/crazyflie_gazebo', 'LC_ALL': 'en_US.UTF-8', 'XDG_CONFIG_DIRS': '/etc/xdg/xdg-ubuntu:/etc/xdg', 'XDG_DATA_DIRS': '/usr/share/ubuntu:/usr/share/gnome:/usr/local/share/:/usr/share/:/var/lib/snapd/desktop', 'PYTHONPATH': '/home/denis/Desktop/GustGurus-Drone-Project/crazyflie_simulation/build/crazyflie_gazebo/prefix_override:/usr/lib/python3/dist-packages/colcon_core/task/python/colcon_distutils_commands:/home/denis/Desktop/GustGurus-Drone-Project/crazyflie_simulation/install/crazyflie_gazebo/lib/python3.10/site-packages:/home/denis/Desktop/GustGurus-Drone-Project/crazyflie_simulation/install/crazyflie_gazebo/lib/python3.10/site-packages:/home/denis/Desktop/GustGurus-Drone-Project/crazyflie_simulation/install/controllers/lib/python3.10/site-packages:/opt/ros/humble/lib/python3.10/site-packages:/opt/ros/humble/local/lib/python3.10/dist-packages', 'COLCON': '1', 'VTE_VERSION': '6800', 'CMAKE_PREFIX_PATH': '/home/denis/Desktop/GustGurus-Drone-Project/crazyflie_simulation/install/cpp_controllers'}, 'shell': False}
[1.414692] (-) TimerEvent: {}
[1.515962] (-) TimerEvent: {}
[1.613814] (controllers) StdoutLine: {'line': b'running egg_info\n'}
[1.614698] (controllers) StdoutLine: {'line': b'writing ../../build/controllers/controllers.egg-info/PKG-INFO\n'}
[1.616197] (controllers) StdoutLine: {'line': b'writing dependency_links to ../../build/controllers/controllers.egg-info/dependency_links.txt\n'}
[1.616381] (-) TimerEvent: {}
[1.618867] (controllers) StdoutLine: {'line': b'writing entry points to ../../build/controllers/controllers.egg-info/entry_points.txt\n'}
[1.619167] (controllers) StdoutLine: {'line': b'writing requirements to ../../build/controllers/controllers.egg-info/requires.txt\n'}
[1.619296] (controllers) StdoutLine: {'line': b'writing top-level names to ../../build/controllers/controllers.egg-info/top_level.txt\n'}
[1.621409] (controllers) StdoutLine: {'line': b"reading manifest file '../../build/controllers/controllers.egg-info/SOURCES.txt'\n"}
[1.623657] (controllers) StdoutLine: {'line': b"writing manifest file '../../build/controllers/controllers.egg-info/SOURCES.txt'\n"}
[1.624030] (controllers) StdoutLine: {'line': b'running build\n'}
[1.624165] (controllers) StdoutLine: {'line': b'running build_py\n'}
[1.624525] (controllers) StdoutLine: {'line': b'running install\n'}
[1.624702] (controllers) StdoutLine: {'line': b'running install_lib\n'}
[1.626780] (controllers) StdoutLine: {'line': b'running install_data\n'}
[1.627080] (controllers) StdoutLine: {'line': b'running install_egg_info\n'}
[1.629487] (controllers) StdoutLine: {'line': b"removing '/home/denis/Desktop/GustGurus-Drone-Project/crazyflie_simulation/install/controllers/lib/python3.10/site-packages/controllers-0.0.0-py3.10.egg-info' (and everything under it)\n"}
[1.631822] (crazyflie_gazebo) StderrLine: {'line': b'Traceback (most recent call last):\n'}
[1.632039] (crazyflie_gazebo) StderrLine: {'line': b'  File "/usr/lib/python3/dist-packages/pkg_resources/__init__.py", line 2866, in get_entry_map\n'}
[1.632126] (controllers) StdoutLine: {'line': b'Copying ../../build/controllers/controllers.egg-info to /home/denis/Desktop/GustGurus-Drone-Project/crazyflie_simulation/install/controllers/lib/python3.10/site-packages/controllers-0.0.0-py3.10.egg-info\n'}
[1.633066] (controllers) StdoutLine: {'line': b'running install_scripts\n'}
[1.635039] (crazyflie_gazebo) StderrLine: {'line': b'    ep_map = self._ep_map\n'}
[1.635278] (crazyflie_gazebo) StderrLine: {'line': b'  File "/usr/lib/python3/dist-packages/pkg_resources/__init__.py", line 2828, in __getattr__\n'}
[1.635937] (crazyflie_gazebo) StderrLine: {'line': b'    raise AttributeError(attr)\n'}
[1.636115] (crazyflie_gazebo) StderrLine: {'line': b"AttributeError: _ep_map. Did you mean: '_dep_map'?\n"}
[1.636195] (crazyflie_gazebo) StderrLine: {'line': b'\n'}
[1.636318] (crazyflie_gazebo) StderrLine: {'line': b'During handling of the above exception, another exception occurred:\n'}
[1.636522] (crazyflie_gazebo) StderrLine: {'line': b'\n'}
[1.637006] (crazyflie_gazebo) StderrLine: {'line': b'Traceback (most recent call last):\n'}
[1.637164] (crazyflie_gazebo) StderrLine: {'line': b'  File "/home/denis/Desktop/GustGurus-Drone-Project/crazyflie_simulation/src/crazyflie_gazebo/setup.py", line 20, in <module>\n'}
[1.637250] (crazyflie_gazebo) StderrLine: {'line': b'    setup(\n'}
[1.637340] (crazyflie_gazebo) StderrLine: {'line': b'  File "/usr/lib/python3/dist-packages/setuptools/__init__.py", line 152, in setup\n'}
[1.639112] (crazyflie_gazebo) StderrLine: {'line': b'    _install_setup_requires(attrs)\n'}
[1.639328] (crazyflie_gazebo) StderrLine: {'line': b'  File "/usr/lib/python3/dist-packages/setuptools/__init__.py", line 142, in _install_setup_requires\n'}
[1.640059] (crazyflie_gazebo) StderrLine: {'line': b'    dist = MinimalDistribution(attrs)\n'}
[1.640189] (crazyflie_gazebo) StderrLine: {'line': b'  File "/usr/lib/python3/dist-packages/setuptools/__init__.py", line 134, in __init__\n'}
[1.640285] (crazyflie_gazebo) StderrLine: {'line': b'    distutils.core.Distribution.__init__(self, filtered)\n'}
[1.640359] (crazyflie_gazebo) StderrLine: {'line': b'  File "/usr/lib/python3/dist-packages/setuptools/dist.py", line 457, in __init__\n'}
[1.642638] (crazyflie_gazebo) StderrLine: {'line': b"    for ep in pkg_resources.iter_entry_points('distutils.setup_keywords'):\n"}
[1.642872] (crazyflie_gazebo) StderrLine: {'line': b'  File "/usr/lib/python3/dist-packages/pkg_resources/__init__.py", line 646, in <genexpr>\n'}
[1.642988] (crazyflie_gazebo) StderrLine: {'line': b'    for entry in dist.get_entry_map(group).values()\n'}
[1.643093] (crazyflie_gazebo) StderrLine: {'line': b'  File "/usr/lib/python3/dist-packages/pkg_resources/__init__.py", line 2868, in get_entry_map\n'}
[1.643944] (crazyflie_gazebo) StderrLine: {'line': b'    ep_map = self._ep_map = EntryPoint.parse_map(\n'}
[1.644122] (crazyflie_gazebo) StderrLine: {'line': b'  File "/usr/lib/python3/dist-packages/pkg_resources/__init__.py", line 2549, in parse_map\n'}
[1.644233] (crazyflie_gazebo) StderrLine: {'line': b'    for group, lines in data:\n'}
[1.644340] (crazyflie_gazebo) StderrLine: {'line': b'  File "/usr/lib/python3/dist-packages/pkg_resources/__init__.py", line 3205, in split_sections\n'}
[1.645069] (crazyflie_gazebo) StderrLine: {'line': b'    for line in yield_lines(s):\n'}
[1.645329] (crazyflie_gazebo) StderrLine: {'line': b'  File "/usr/lib/python3/dist-packages/pkg_resources/__init__.py", line 2780, in _get_metadata\n'}
[1.645752] (crazyflie_gazebo) StderrLine: {'line': b'    for line in self.get_metadata_lines(name):\n'}
[1.645977] (crazyflie_gazebo) StderrLine: {'line': b'  File "/usr/lib/python3/dist-packages/pkg_resources/__init__.py", line 1422, in get_metadata_lines\n'}
[1.646065] (crazyflie_gazebo) StderrLine: {'line': b'    return yield_lines(self.get_metadata(name))\n'}
[1.646139] (crazyflie_gazebo) StderrLine: {'line': b'  File "/usr/lib/python3/dist-packages/pkg_resources/__init__.py", line 1412, in get_metadata\n'}
[1.646480] (crazyflie_gazebo) StderrLine: {'line': b'    value = self._get(path)\n'}
[1.646661] (crazyflie_gazebo) StderrLine: {'line': b'  File "/usr/lib/python3/dist-packages/pkg_resources/__init__.py", line 1616, in _get\n'}
[1.648137] (crazyflie_gazebo) StderrLine: {'line': b"    with open(path, 'rb') as stream:\n"}
[1.648473] (crazyflie_gazebo) StderrLine: {'line': b"FileNotFoundError: [Errno 2] No such file or directory: '/home/denis/Desktop/GustGurus-Drone-Project/crazyflie_simulation/install/controllers/lib/python3.10/site-packages/controllers-0.0.0-py3.10.egg-info/entry_points.txt'\n"}
[1.668819] (controllers) StdoutLine: {'line': b'Installing MotorControlNode script to /home/denis/Desktop/GustGurus-Drone-Project/crazyflie_simulation/install/controllers/lib/controllers\n'}
[1.670241] (controllers) StdoutLine: {'line': b"writing list of installed files to '/home/denis/Desktop/GustGurus-Drone-Project/crazyflie_simulation/build/controllers/install.log'\n"}
[1.683693] (cpp_controllers) StderrLine: {'line': b'\x1b[01m\x1b[K/home/denis/Desktop/GustGurus-Drone-Project/crazyflie_simulation/src/cpp_controllers/src/MotorControlNode.cpp:6:10:\x1b[m\x1b[K \x1b[01;31m\x1b[Kfatal error: \x1b[m\x1b[Kpid_controller.h: No such file or directory\n'}
[1.684919] (cpp_controllers) StderrLine: {'line': b'    6 | #include \x1b[01;31m\x1b[K"pid_controller.h"\x1b[m\x1b[K\n'}
[1.685091] (cpp_controllers) StderrLine: {'line': b'      |          \x1b[01;31m\x1b[K^~~~~~~~~~~~~~~~~~\x1b[m\x1b[K\n'}
[1.685214] (cpp_controllers) StderrLine: {'line': b'compilation terminated.\n'}
[1.687112] (crazyflie_gazebo) CommandEnded: {'returncode': 1}
[1.688801] (crazyflie_gazebo) JobEnded: {'identifier': 'crazyflie_gazebo', 'rc': 1}
[1.691542] (cpp_controllers) StderrLine: {'line': b'gmake[2]: *** [CMakeFiles/motor_control_node.dir/build.make:76: CMakeFiles/motor_control_node.dir/src/MotorControlNode.cpp.o] Error 1\n'}
[1.694329] (cpp_controllers) StderrLine: {'line': b'gmake[1]: *** [CMakeFiles/Makefile2:137: CMakeFiles/motor_control_node.dir/all] Error 2\n'}
[1.694446] (cpp_controllers) StderrLine: {'line': b'gmake: *** [Makefile:146: all] Error 2\n'}
[1.694836] (cpp_controllers) JobEnded: {'identifier': 'cpp_controllers', 'rc': 'SIGINT'}
[1.706577] (controllers) JobEnded: {'identifier': 'controllers', 'rc': 'SIGINT'}
[1.717042] (-) TimerEvent: {}
[1.722417] (-) EventReactorShutdown: {}
