[35m[1mConsolidate compiler generated dependencies of target motor_control_node[0m
[ 50%] [32mBuilding CXX object CMakeFiles/motor_control_node.dir/src/MotorControlNode.cpp.o[0m
[01m[K/home/denis/Desktop/GustGurus-Drone-Project/crazyflie_simulation/src/cpp_controllers/src/MotorControlNode.cpp:[m[K In member function â€˜[01m[Kvoid MotorControlNode::droneStateCallback(nav_msgs::msg::Odometry_<std::allocator<void> >::SharedPtr)[m[Kâ€™:
[01m[K/home/denis/Desktop/GustGurus-Drone-Project/crazyflie_simulation/src/cpp_controllers/src/MotorControlNode.cpp:50:70:[m[K [01;35m[Kwarning: [m[Kunused parameter â€˜[01m[Kmsg[m[Kâ€™ [[01;35m[K]8;;https://gcc.gnu.org/onlinedocs/gcc/Warning-Options.html#index-Wunused-parameter-Wunused-parameter]8;;[m[K]
   50 |     void droneStateCallback([01;35m[Kconst nav_msgs::msg::Odometry::SharedPtr msg[m[K)
      |                             [01;35m[K~~~~~~~~~~~~~~~~~~~~~~~~~~~~~~~~~~~~~~~~~^~~[m[K
[100%] [32m[1mLinking CXX executable motor_control_node[0m
/usr/bin/ld: CMakeFiles/motor_control_node.dir/src/MotorControlNode.cpp.o: in function `MotorControlNode::MotorControlNode()':
MotorControlNode.cpp:(.text._ZN16MotorControlNodeC2Ev[_ZN16MotorControlNodeC5Ev]+0x201): undefined reference to `init_pid_attitude_fixed_height_controller()'
collect2: error: ld returned 1 exit status
gmake[2]: *** [CMakeFiles/motor_control_node.dir/build.make:183: motor_control_node] Error 1
gmake[1]: *** [CMakeFiles/Makefile2:137: CMakeFiles/motor_control_node.dir/all] Error 2
gmake: *** [Makefile:146: all] Error 2
